app/build/intermediates/manifest_merge_blame_file/release/processReleaseMainManifest/manifest-merger-blame-release-report.txt
1<?xml version="1.0" encoding="utf-8"?>
2<manifest xmlns:android="http://schemas.android.com/apk/res/android"
3    package="com.example.app"
4    android:versionCode="1"
5    android:versionName="1.0" >
6
7    <uses-sdk
8        android:minSdkVersion="24"
9        android:targetSdkVersion="34" />
10    <!-- Network access for OpenAI API calls and web page fetching -->
11    <uses-permission android:name="android.permission.INTERNET" />
11-->src\main\AndroidManifest.xml:4:5-67
11-->src\main\AndroidManifest.xml:4:22-64
12    <uses-permission android:name="android.permission.ACCESS_NETWORK_STATE" />
12-->src\main\AndroidManifest.xml:5:5-79
12-->src\main\AndroidManifest.xml:5:22-76
13
14    <!-- Audio recording permissions -->
15    <uses-permission android:name="android.permission.RECORD_AUDIO" />
15-->src\main\AndroidManifest.xml:8:5-71
15-->src\main\AndroidManifest.xml:8:22-68
16    <uses-permission android:name="android.permission.MODIFY_AUDIO_SETTINGS" />
16-->src\main\AndroidManifest.xml:9:5-80
16-->src\main\AndroidManifest.xml:9:22-77
17
18    <!-- Camera permissions -->
19    <uses-permission android:name="android.permission.CAMERA" />
19-->src\main\AndroidManifest.xml:12:5-65
19-->src\main\AndroidManifest.xml:12:22-62
20
21    <!-- Storage permissions for different Android versions -->
22    <!-- For Android 13+ (API 33+) - Granular media permissions -->
23    <uses-permission android:name="android.permission.READ_MEDIA_IMAGES" />
23-->src\main\AndroidManifest.xml:16:5-76
23-->src\main\AndroidManifest.xml:16:22-73
24    <uses-permission android:name="android.permission.READ_MEDIA_AUDIO" />
24-->src\main\AndroidManifest.xml:17:5-75
24-->src\main\AndroidManifest.xml:17:22-72
25    <uses-permission android:name="android.permission.READ_MEDIA_VIDEO" />
25-->src\main\AndroidManifest.xml:18:5-75
25-->src\main\AndroidManifest.xml:18:22-72
26
27    <!-- For Android 10-12 (API 29-32) -->
28    <uses-permission android:name="android.permission.READ_EXTERNAL_STORAGE" />
28-->src\main\AndroidManifest.xml:21:5-80
28-->src\main\AndroidManifest.xml:21:22-77
29
30    <!-- For Android 9 and below (API 28-) -->
31    <uses-permission
31-->src\main\AndroidManifest.xml:24:5-25:38
32        android:name="android.permission.WRITE_EXTERNAL_STORAGE"
32-->src\main\AndroidManifest.xml:24:22-78
33        android:maxSdkVersion="28" />
33-->src\main\AndroidManifest.xml:25:9-35
34
35    <!-- File access for document uploads -->
36    <uses-permission android:name="android.permission.MANAGE_DOCUMENTS" />
36-->src\main\AndroidManifest.xml:28:5-75
36-->src\main\AndroidManifest.xml:28:22-72
37
38    <!-- Wake lock for background processing -->
39    <uses-permission android:name="android.permission.WAKE_LOCK" />
39-->src\main\AndroidManifest.xml:31:5-68
39-->src\main\AndroidManifest.xml:31:22-65
40
41    <!-- Foreground service permission for server -->
42    <uses-permission android:name="android.permission.FOREGROUND_SERVICE" />
42-->src\main\AndroidManifest.xml:34:5-77
42-->src\main\AndroidManifest.xml:34:22-74
43    <uses-permission android:name="android.permission.FOREGROUND_SERVICE_DATA_SYNC" />
43-->src\main\AndroidManifest.xml:35:5-87
43-->src\main\AndroidManifest.xml:35:22-84
44
45    <!-- Vibration for feedback -->
46    <uses-permission android:name="android.permission.VIBRATE" />
46-->src\main\AndroidManifest.xml:38:5-66
46-->src\main\AndroidManifest.xml:38:22-63
47
48    <!-- Optional hardware features -->
49    <uses-feature
49-->src\main\AndroidManifest.xml:41:5-85
50        android:name="android.hardware.camera"
50-->src\main\AndroidManifest.xml:41:19-57
51        android:required="false" />
51-->src\main\AndroidManifest.xml:41:58-82
52    <uses-feature
52-->src\main\AndroidManifest.xml:42:5-89
53        android:name="android.hardware.microphone"
53-->src\main\AndroidManifest.xml:42:19-61
54        android:required="false" />
54-->src\main\AndroidManifest.xml:42:62-86
55    <uses-feature
55-->src\main\AndroidManifest.xml:43:5-90
56        android:name="android.hardware.touchscreen"
56-->src\main\AndroidManifest.xml:43:19-62
57        android:required="false" />
57-->src\main\AndroidManifest.xml:43:63-87
58
59    <uses-permission android:name="android.permission.RECEIVE_BOOT_COMPLETED" />
59-->[androidx.work:work-runtime:2.9.0] AndroidManifest.xml:25:5-81
59-->[androidx.work:work-runtime:2.9.0] AndroidManifest.xml:25:22-78
60
61    <permission
61-->[androidx.core:core:1.12.0] AndroidManifest.xml:22:5-24:47
62        android:name="com.example.app.DYNAMIC_RECEIVER_NOT_EXPORTED_PERMISSION"
62-->[androidx.core:core:1.12.0] AndroidManifest.xml:23:9-81
63        android:protectionLevel="signature" />
63-->[androidx.core:core:1.12.0] AndroidManifest.xml:24:9-44
64
65    <uses-permission android:name="com.example.app.DYNAMIC_RECEIVER_NOT_EXPORTED_PERMISSION" />
65-->[androidx.core:core:1.12.0] AndroidManifest.xml:26:5-97
65-->[androidx.core:core:1.12.0] AndroidManifest.xml:26:22-94
66
67    <application
67-->src\main\AndroidManifest.xml:44:5-86:19
68        android:name="com.example.app.LogionApp"
68-->src\main\AndroidManifest.xml:45:9-34
69        android:allowBackup="true"
69-->src\main\AndroidManifest.xml:46:9-35
70        android:appComponentFactory="androidx.core.app.CoreComponentFactory"
70-->[androidx.core:core:1.12.0] AndroidManifest.xml:28:18-86
71        android:extractNativeLibs="false"
72        android:icon="@mipmap/ic_launcher"
72-->src\main\AndroidManifest.xml:47:9-43
73        android:label="@string/app_name"
73-->src\main\AndroidManifest.xml:48:9-41
74        android:roundIcon="@mipmap/ic_launcher_round"
74-->src\main\AndroidManifest.xml:49:9-54
75        android:supportsRtl="true"
75-->src\main\AndroidManifest.xml:50:9-35
76        android:theme="@style/Theme.Logion" >
76-->src\main\AndroidManifest.xml:51:9-44
77        <activity
77-->src\main\AndroidManifest.xml:52:9-57:20
78            android:name="com.example.app.MainActivity"
78-->src\main\AndroidManifest.xml:52:19-47
79            android:exported="true" >
79-->src\main\AndroidManifest.xml:52:48-71
80            <intent-filter>
80-->src\main\AndroidManifest.xml:53:13-56:29
81                <action android:name="android.intent.action.MAIN" />
81-->src\main\AndroidManifest.xml:54:17-69
81-->src\main\AndroidManifest.xml:54:25-66
82
83                <category android:name="android.intent.category.LAUNCHER" />
83-->src\main\AndroidManifest.xml:55:17-77
83-->src\main\AndroidManifest.xml:55:27-74
84            </intent-filter>
85        </activity>
86
87        <!-- Ktor Server Service -->
88        <service
88-->src\main\AndroidManifest.xml:60:9-64:56
89            android:name="com.example.app.server.ServerService"
89-->src\main\AndroidManifest.xml:61:13-49
90            android:enabled="true"
90-->src\main\AndroidManifest.xml:62:13-35
91            android:exported="false"
91-->src\main\AndroidManifest.xml:63:13-37
92            android:foregroundServiceType="dataSync" />
92-->src\main\AndroidManifest.xml:64:13-53
93
94        <!-- Widget Configuration -->
95        <receiver
95-->src\main\AndroidManifest.xml:67:9-74:20
96            android:name="com.example.app.widget.LogionWidget"
96-->src\main\AndroidManifest.xml:67:19-54
97            android:exported="true" >
97-->src\main\AndroidManifest.xml:68:13-36
98            <intent-filter>
98-->src\main\AndroidManifest.xml:69:13-71:29
99                <action android:name="android.appwidget.action.APPWIDGET_UPDATE" />
99-->src\main\AndroidManifest.xml:70:17-84
99-->src\main\AndroidManifest.xml:70:25-81
100            </intent-filter>
101
102            <meta-data
102-->src\main\AndroidManifest.xml:72:13-73:55
103                android:name="android.appwidget.provider"
103-->src\main\AndroidManifest.xml:72:24-65
104                android:resource="@xml/widget_info" />
104-->src\main\AndroidManifest.xml:73:17-52
105        </receiver>
106
107        <!-- FileProvider for camera functionality -->
108        <provider
109            android:name="androidx.core.content.FileProvider"
109-->src\main\AndroidManifest.xml:78:13-62
110            android:authorities="com.example.app.fileprovider"
110-->src\main\AndroidManifest.xml:79:13-64
111            android:exported="false"
111-->src\main\AndroidManifest.xml:80:13-37
112            android:grantUriPermissions="true" >
112-->src\main\AndroidManifest.xml:81:13-47
113            <meta-data
113-->src\main\AndroidManifest.xml:82:13-84:54
114                android:name="android.support.FILE_PROVIDER_PATHS"
114-->src\main\AndroidManifest.xml:83:17-67
115                android:resource="@xml/file_paths" />
115-->src\main\AndroidManifest.xml:84:17-51
116        </provider>
117
118        <service
118-->[com.google.android.gms:play-services-mlkit-text-recognition-common:19.0.0] AndroidManifest.xml:9:9-15:19
119            android:name="com.google.mlkit.common.internal.MlKitComponentDiscoveryService"
119-->[com.google.android.gms:play-services-mlkit-text-recognition-common:19.0.0] AndroidManifest.xml:10:13-91
120            android:directBootAware="true"
120-->[com.google.mlkit:common:18.8.0] AndroidManifest.xml:17:13-43
121            android:exported="false" >
121-->[com.google.android.gms:play-services-mlkit-text-recognition-common:19.0.0] AndroidManifest.xml:11:13-37
122            <meta-data
122-->[com.google.android.gms:play-services-mlkit-text-recognition-common:19.0.0] AndroidManifest.xml:12:13-14:85
123                android:name="com.google.firebase.components:com.google.mlkit.vision.text.internal.TextRegistrar"
123-->[com.google.android.gms:play-services-mlkit-text-recognition-common:19.0.0] AndroidManifest.xml:13:17-114
124                android:value="com.google.firebase.components.ComponentRegistrar" />
124-->[com.google.android.gms:play-services-mlkit-text-recognition-common:19.0.0] AndroidManifest.xml:14:17-82
125            <meta-data
125-->[com.google.mlkit:vision-common:17.3.0] AndroidManifest.xml:12:13-14:85
126                android:name="com.google.firebase.components:com.google.mlkit.vision.common.internal.VisionCommonRegistrar"
126-->[com.google.mlkit:vision-common:17.3.0] AndroidManifest.xml:13:17-124
127                android:value="com.google.firebase.components.ComponentRegistrar" />
127-->[com.google.mlkit:vision-common:17.3.0] AndroidManifest.xml:14:17-82
128            <meta-data
128-->[com.google.mlkit:common:18.8.0] AndroidManifest.xml:20:13-22:85
129                android:name="com.google.firebase.components:com.google.mlkit.common.internal.CommonComponentRegistrar"
129-->[com.google.mlkit:common:18.8.0] AndroidManifest.xml:21:17-120
130                android:value="com.google.firebase.components.ComponentRegistrar" />
130-->[com.google.mlkit:common:18.8.0] AndroidManifest.xml:22:17-82
131        </service>
132
133        <provider
133-->[com.google.mlkit:common:18.8.0] AndroidManifest.xml:9:9-13:38
134            android:name="com.google.mlkit.common.internal.MlKitInitProvider"
134-->[com.google.mlkit:common:18.8.0] AndroidManifest.xml:10:13-78
135            android:authorities="com.example.app.mlkitinitprovider"
135-->[com.google.mlkit:common:18.8.0] AndroidManifest.xml:11:13-69
136            android:exported="false"
136-->[com.google.mlkit:common:18.8.0] AndroidManifest.xml:12:13-37
137            android:initOrder="99" />
137-->[com.google.mlkit:common:18.8.0] AndroidManifest.xml:13:13-35
138
139        <activity
139-->[com.google.android.gms:play-services-base:18.1.0] AndroidManifest.xml:20:9-22:45
140            android:name="com.google.android.gms.common.api.GoogleApiActivity"
140-->[com.google.android.gms:play-services-base:18.1.0] AndroidManifest.xml:20:19-85
141            android:exported="false"
141-->[com.google.android.gms:play-services-base:18.1.0] AndroidManifest.xml:22:19-43
142            android:theme="@android:style/Theme.Translucent.NoTitleBar" />
142-->[com.google.android.gms:play-services-base:18.1.0] AndroidManifest.xml:21:19-78
143
144        <meta-data
144-->[com.google.android.gms:play-services-basement:18.1.0] AndroidManifest.xml:21:9-23:69
145            android:name="com.google.android.gms.version"
145-->[com.google.android.gms:play-services-basement:18.1.0] AndroidManifest.xml:22:13-58
146            android:value="@integer/google_play_services_version" />
146-->[com.google.android.gms:play-services-basement:18.1.0] AndroidManifest.xml:23:13-66
147
148        <provider
148-->[androidx.work:work-runtime:2.9.0] AndroidManifest.xml:29:9-37:20
149            android:name="androidx.startup.InitializationProvider"
149-->[androidx.work:work-runtime:2.9.0] AndroidManifest.xml:30:13-67
150            android:authorities="com.example.app.androidx-startup"
150-->[androidx.work:work-runtime:2.9.0] AndroidManifest.xml:31:13-68
151            android:exported="false" >
151-->[androidx.work:work-runtime:2.9.0] AndroidManifest.xml:32:13-37
152            <meta-data
152-->[androidx.work:work-runtime:2.9.0] AndroidManifest.xml:34:13-36:52
153                android:name="androidx.work.WorkManagerInitializer"
153-->[androidx.work:work-runtime:2.9.0] AndroidManifest.xml:35:17-68
154                android:value="androidx.startup" />
154-->[androidx.work:work-runtime:2.9.0] AndroidManifest.xml:36:17-49
155            <meta-data
155-->[androidx.emoji2:emoji2:1.3.0] AndroidManifest.xml:29:13-31:52
156                android:name="androidx.emoji2.text.EmojiCompatInitializer"
156-->[androidx.emoji2:emoji2:1.3.0] AndroidManifest.xml:30:17-75
157                android:value="androidx.startup" />
157-->[androidx.emoji2:emoji2:1.3.0] AndroidManifest.xml:31:17-49
158            <meta-data
158-->[androidx.lifecycle:lifecycle-process:2.7.0] AndroidManifest.xml:29:13-31:52
159                android:name="androidx.lifecycle.ProcessLifecycleInitializer"
159-->[androidx.lifecycle:lifecycle-process:2.7.0] AndroidManifest.xml:30:17-78
160                android:value="androidx.startup" />
160-->[androidx.lifecycle:lifecycle-process:2.7.0] AndroidManifest.xml:31:17-49
161            <meta-data
161-->[androidx.profileinstaller:profileinstaller:1.3.1] AndroidManifest.xml:29:13-31:52
162                android:name="androidx.profileinstaller.ProfileInstallerInitializer"
162-->[androidx.profileinstaller:profileinstaller:1.3.1] AndroidManifest.xml:30:17-85
163                android:value="androidx.startup" />
163-->[androidx.profileinstaller:profileinstaller:1.3.1] AndroidManifest.xml:31:17-49
164        </provider>
165
166        <service
166-->[androidx.work:work-runtime:2.9.0] AndroidManifest.xml:39:9-45:35
167            android:name="androidx.work.impl.background.systemalarm.SystemAlarmService"
167-->[androidx.work:work-runtime:2.9.0] AndroidManifest.xml:40:13-88
168            android:directBootAware="false"
168-->[androidx.work:work-runtime:2.9.0] AndroidManifest.xml:41:13-44
169            android:enabled="@bool/enable_system_alarm_service_default"
169-->[androidx.work:work-runtime:2.9.0] AndroidManifest.xml:42:13-72
170            android:exported="false" />
170-->[androidx.work:work-runtime:2.9.0] AndroidManifest.xml:43:13-37
171        <service
171-->[androidx.work:work-runtime:2.9.0] AndroidManifest.xml:46:9-52:35
172            android:name="androidx.work.impl.background.systemjob.SystemJobService"
172-->[androidx.work:work-runtime:2.9.0] AndroidManifest.xml:47:13-84
173            android:directBootAware="false"
173-->[androidx.work:work-runtime:2.9.0] AndroidManifest.xml:48:13-44
174            android:enabled="@bool/enable_system_job_service_default"
174-->[androidx.work:work-runtime:2.9.0] AndroidManifest.xml:49:13-70
175            android:exported="true"
175-->[androidx.work:work-runtime:2.9.0] AndroidManifest.xml:50:13-36
176            android:permission="android.permission.BIND_JOB_SERVICE" />
176-->[androidx.work:work-runtime:2.9.0] AndroidManifest.xml:51:13-69
177        <service
177-->[androidx.work:work-runtime:2.9.0] AndroidManifest.xml:53:9-59:35
178            android:name="androidx.work.impl.foreground.SystemForegroundService"
178-->[androidx.work:work-runtime:2.9.0] AndroidManifest.xml:54:13-81
179            android:directBootAware="false"
179-->[androidx.work:work-runtime:2.9.0] AndroidManifest.xml:55:13-44
180            android:enabled="@bool/enable_system_foreground_service_default"
180-->[androidx.work:work-runtime:2.9.0] AndroidManifest.xml:56:13-77
181            android:exported="false" />
181-->[androidx.work:work-runtime:2.9.0] AndroidManifest.xml:57:13-37
182
183        <receiver
183-->[androidx.work:work-runtime:2.9.0] AndroidManifest.xml:61:9-66:35
184            android:name="androidx.work.impl.utils.ForceStopRunnable$BroadcastReceiver"
184-->[androidx.work:work-runtime:2.9.0] AndroidManifest.xml:62:13-88
185            android:directBootAware="false"
185-->[androidx.work:work-runtime:2.9.0] AndroidManifest.xml:63:13-44
186            android:enabled="true"
186-->[androidx.work:work-runtime:2.9.0] AndroidManifest.xml:64:13-35
187            android:exported="false" />
187-->[androidx.work:work-runtime:2.9.0] AndroidManifest.xml:65:13-37
188        <receiver
188-->[androidx.work:work-runtime:2.9.0] AndroidManifest.xml:67:9-77:20
189            android:name="androidx.work.impl.background.systemalarm.ConstraintProxy$BatteryChargingProxy"
189-->[androidx.work:work-runtime:2.9.0] AndroidManifest.xml:68:13-106
190            android:directBootAware="false"
190-->[androidx.work:work-runtime:2.9.0] AndroidManifest.xml:69:13-44
191            android:enabled="false"
191-->[androidx.work:work-runtime:2.9.0] AndroidManifest.xml:70:13-36
192            android:exported="false" >
192-->[androidx.work:work-runtime:2.9.0] AndroidManifest.xml:71:13-37
193            <intent-filter>
193-->[androidx.work:work-runtime:2.9.0] AndroidManifest.xml:73:13-76:29
194                <action android:name="android.intent.action.ACTION_POWER_CONNECTED" />
194-->[androidx.work:work-runtime:2.9.0] AndroidManifest.xml:74:17-87
194-->[androidx.work:work-runtime:2.9.0] AndroidManifest.xml:74:25-84
195                <action android:name="android.intent.action.ACTION_POWER_DISCONNECTED" />
195-->[androidx.work:work-runtime:2.9.0] AndroidManifest.xml:75:17-90
195-->[androidx.work:work-runtime:2.9.0] AndroidManifest.xml:75:25-87
196            </intent-filter>
197        </receiver>
198        <receiver
198-->[androidx.work:work-runtime:2.9.0] AndroidManifest.xml:78:9-88:20
199            android:name="androidx.work.impl.background.systemalarm.ConstraintProxy$BatteryNotLowProxy"
199-->[androidx.work:work-runtime:2.9.0] AndroidManifest.xml:79:13-104
200            android:directBootAware="false"
200-->[androidx.work:work-runtime:2.9.0] AndroidManifest.xml:80:13-44
201            android:enabled="false"
201-->[androidx.work:work-runtime:2.9.0] AndroidManifest.xml:81:13-36
202            android:exported="false" >
202-->[androidx.work:work-runtime:2.9.0] AndroidManifest.xml:82:13-37
203            <intent-filter>
203-->[androidx.work:work-runtime:2.9.0] AndroidManifest.xml:84:13-87:29
204                <action android:name="android.intent.action.BATTERY_OKAY" />
204-->[androidx.work:work-runtime:2.9.0] AndroidManifest.xml:85:17-77
204-->[androidx.work:work-runtime:2.9.0] AndroidManifest.xml:85:25-74
205                <action android:name="android.intent.action.BATTERY_LOW" />
205-->[androidx.work:work-runtime:2.9.0] AndroidManifest.xml:86:17-76
205-->[androidx.work:work-runtime:2.9.0] AndroidManifest.xml:86:25-73
206            </intent-filter>
207        </receiver>
208        <receiver
208-->[androidx.work:work-runtime:2.9.0] AndroidManifest.xml:89:9-99:20
209            android:name="androidx.work.impl.background.systemalarm.ConstraintProxy$StorageNotLowProxy"
209-->[androidx.work:work-runtime:2.9.0] AndroidManifest.xml:90:13-104
210            android:directBootAware="false"
210-->[androidx.work:work-runtime:2.9.0] AndroidManifest.xml:91:13-44
211            android:enabled="false"
211-->[androidx.work:work-runtime:2.9.0] AndroidManifest.xml:92:13-36
212            android:exported="false" >
212-->[androidx.work:work-runtime:2.9.0] AndroidManifest.xml:93:13-37
213            <intent-filter>
213-->[androidx.work:work-runtime:2.9.0] AndroidManifest.xml:95:13-98:29
214                <action android:name="android.intent.action.DEVICE_STORAGE_LOW" />
214-->[androidx.work:work-runtime:2.9.0] AndroidManifest.xml:96:17-83
214-->[androidx.work:work-runtime:2.9.0] AndroidManifest.xml:96:25-80
215                <action android:name="android.intent.action.DEVICE_STORAGE_OK" />
215-->[androidx.work:work-runtime:2.9.0] AndroidManifest.xml:97:17-82
215-->[androidx.work:work-runtime:2.9.0] AndroidManifest.xml:97:25-79
216            </intent-filter>
217        </receiver>
218        <receiver
218-->[androidx.work:work-runtime:2.9.0] AndroidManifest.xml:100:9-109:20
219            android:name="androidx.work.impl.background.systemalarm.ConstraintProxy$NetworkStateProxy"
219-->[androidx.work:work-runtime:2.9.0] AndroidManifest.xml:101:13-103
220            android:directBootAware="false"
220-->[androidx.work:work-runtime:2.9.0] AndroidManifest.xml:102:13-44
221            android:enabled="false"
221-->[androidx.work:work-runtime:2.9.0] AndroidManifest.xml:103:13-36
222            android:exported="false" >
222-->[androidx.work:work-runtime:2.9.0] AndroidManifest.xml:104:13-37
223            <intent-filter>
223-->[androidx.work:work-runtime:2.9.0] AndroidManifest.xml:106:13-108:29
224                <action android:name="android.net.conn.CONNECTIVITY_CHANGE" />
224-->[androidx.work:work-runtime:2.9.0] AndroidManifest.xml:107:17-79
224-->[androidx.work:work-runtime:2.9.0] AndroidManifest.xml:107:25-76
225            </intent-filter>
226        </receiver>
227        <receiver
227-->[androidx.work:work-runtime:2.9.0] AndroidManifest.xml:110:9-121:20
228            android:name="androidx.work.impl.background.systemalarm.RescheduleReceiver"
228-->[androidx.work:work-runtime:2.9.0] AndroidManifest.xml:111:13-88
229            android:directBootAware="false"
229-->[androidx.work:work-runtime:2.9.0] AndroidManifest.xml:112:13-44
230            android:enabled="false"
230-->[androidx.work:work-runtime:2.9.0] AndroidManifest.xml:113:13-36
231            android:exported="false" >
231-->[androidx.work:work-runtime:2.9.0] AndroidManifest.xml:114:13-37
232            <intent-filter>
232-->[androidx.work:work-runtime:2.9.0] AndroidManifest.xml:116:13-120:29
233                <action android:name="android.intent.action.BOOT_COMPLETED" />
233-->[androidx.work:work-runtime:2.9.0] AndroidManifest.xml:117:17-79
233-->[androidx.work:work-runtime:2.9.0] AndroidManifest.xml:117:25-76
234                <action android:name="android.intent.action.TIME_SET" />
234-->[androidx.work:work-runtime:2.9.0] AndroidManifest.xml:118:17-73
234-->[androidx.work:work-runtime:2.9.0] AndroidManifest.xml:118:25-70
235                <action android:name="android.intent.action.TIMEZONE_CHANGED" />
235-->[androidx.work:work-runtime:2.9.0] AndroidManifest.xml:119:17-81
235-->[androidx.work:work-runtime:2.9.0] AndroidManifest.xml:119:25-78
236            </intent-filter>
237        </receiver>
238        <receiver
238-->[androidx.work:work-runtime:2.9.0] AndroidManifest.xml:122:9-131:20
239            android:name="androidx.work.impl.background.systemalarm.ConstraintProxyUpdateReceiver"
239-->[androidx.work:work-runtime:2.9.0] AndroidManifest.xml:123:13-99
240            android:directBootAware="false"
240-->[androidx.work:work-runtime:2.9.0] AndroidManifest.xml:124:13-44
241            android:enabled="@bool/enable_system_alarm_service_default"
241-->[androidx.work:work-runtime:2.9.0] AndroidManifest.xml:125:13-72
242            android:exported="false" >
242-->[androidx.work:work-runtime:2.9.0] AndroidManifest.xml:126:13-37
243            <intent-filter>
243-->[androidx.work:work-runtime:2.9.0] AndroidManifest.xml:128:13-130:29
244                <action android:name="androidx.work.impl.background.systemalarm.UpdateProxies" />
244-->[androidx.work:work-runtime:2.9.0] AndroidManifest.xml:129:17-98
244-->[androidx.work:work-runtime:2.9.0] AndroidManifest.xml:129:25-95
245            </intent-filter>
246        </receiver>
247        <receiver
247-->[androidx.work:work-runtime:2.9.0] AndroidManifest.xml:132:9-142:20
248            android:name="androidx.work.impl.diagnostics.DiagnosticsReceiver"
248-->[androidx.work:work-runtime:2.9.0] AndroidManifest.xml:133:13-78
249            android:directBootAware="false"
249-->[androidx.work:work-runtime:2.9.0] AndroidManifest.xml:134:13-44
250            android:enabled="true"
250-->[androidx.work:work-runtime:2.9.0] AndroidManifest.xml:135:13-35
251            android:exported="true"
251-->[androidx.work:work-runtime:2.9.0] AndroidManifest.xml:136:13-36
252            android:permission="android.permission.DUMP" >
252-->[androidx.work:work-runtime:2.9.0] AndroidManifest.xml:137:13-57
253            <intent-filter>
253-->[androidx.work:work-runtime:2.9.0] AndroidManifest.xml:139:13-141:29
254                <action android:name="androidx.work.diagnostics.REQUEST_DIAGNOSTICS" />
254-->[androidx.work:work-runtime:2.9.0] AndroidManifest.xml:140:17-88
254-->[androidx.work:work-runtime:2.9.0] AndroidManifest.xml:140:25-85
255            </intent-filter>
256        </receiver>
257
258        <service
258-->[androidx.room:room-runtime:2.6.1] AndroidManifest.xml:24:9-28:63
259            android:name="androidx.room.MultiInstanceInvalidationService"
259-->[androidx.room:room-runtime:2.6.1] AndroidManifest.xml:25:13-74
260            android:directBootAware="true"
260-->[androidx.room:room-runtime:2.6.1] AndroidManifest.xml:26:13-43
261            android:exported="false" />
261-->[androidx.room:room-runtime:2.6.1] AndroidManifest.xml:27:13-37
262
263        <receiver
263-->[androidx.profileinstaller:profileinstaller:1.3.1] AndroidManifest.xml:34:9-52:20
264            android:name="androidx.profileinstaller.ProfileInstallReceiver"
264-->[androidx.profileinstaller:profileinstaller:1.3.1] AndroidManifest.xml:35:13-76
265            android:directBootAware="false"
265-->[androidx.profileinstaller:profileinstaller:1.3.1] AndroidManifest.xml:36:13-44
266            android:enabled="true"
266-->[androidx.profileinstaller:profileinstaller:1.3.1] AndroidManifest.xml:37:13-35
267            android:exported="true"
267-->[androidx.profileinstaller:profileinstaller:1.3.1] AndroidManifest.xml:38:13-36
268            android:permission="android.permission.DUMP" >
268-->[androidx.profileinstaller:profileinstaller:1.3.1] AndroidManifest.xml:39:13-57
269            <intent-filter>
269-->[androidx.profileinstaller:profileinstaller:1.3.1] AndroidManifest.xml:40:13-42:29
270                <action android:name="androidx.profileinstaller.action.INSTALL_PROFILE" />
270-->[androidx.profileinstaller:profileinstaller:1.3.1] AndroidManifest.xml:41:17-91
270-->[androidx.profileinstaller:profileinstaller:1.3.1] AndroidManifest.xml:41:25-88
271            </intent-filter>
272            <intent-filter>
272-->[androidx.profileinstaller:profileinstaller:1.3.1] AndroidManifest.xml:43:13-45:29
273                <action android:name="androidx.profileinstaller.action.SKIP_FILE" />
273-->[androidx.profileinstaller:profileinstaller:1.3.1] AndroidManifest.xml:44:17-85
273-->[androidx.profileinstaller:profileinstaller:1.3.1] AndroidManifest.xml:44:25-82
274            </intent-filter>
275            <intent-filter>
275-->[androidx.profileinstaller:profileinstaller:1.3.1] AndroidManifest.xml:46:13-48:29
276                <action android:name="androidx.profileinstaller.action.SAVE_PROFILE" />
276-->[androidx.profileinstaller:profileinstaller:1.3.1] AndroidManifest.xml:47:17-88
276-->[androidx.profileinstaller:profileinstaller:1.3.1] AndroidManifest.xml:47:25-85
277            </intent-filter>
278            <intent-filter>
278-->[androidx.profileinstaller:profileinstaller:1.3.1] AndroidManifest.xml:49:13-51:29
279                <action android:name="androidx.profileinstaller.action.BENCHMARK_OPERATION" />
279-->[androidx.profileinstaller:profileinstaller:1.3.1] AndroidManifest.xml:50:17-95
279-->[androidx.profileinstaller:profileinstaller:1.3.1] AndroidManifest.xml:50:25-92
280            </intent-filter>
281        </receiver>
282
283        <service
283-->[com.google.android.datatransport:transport-backend-cct:2.3.3] AndroidManifest.xml:29:9-35:19
284            android:name="com.google.android.datatransport.runtime.backends.TransportBackendDiscovery"
284-->[com.google.android.datatransport:transport-backend-cct:2.3.3] AndroidManifest.xml:30:13-103
285            android:exported="false" >
285-->[com.google.android.datatransport:transport-backend-cct:2.3.3] AndroidManifest.xml:31:13-37
286            <meta-data
286-->[com.google.android.datatransport:transport-backend-cct:2.3.3] AndroidManifest.xml:32:13-34:39
287                android:name="backend:com.google.android.datatransport.cct.CctBackendFactory"
287-->[com.google.android.datatransport:transport-backend-cct:2.3.3] AndroidManifest.xml:33:17-94
288                android:value="cct" />
288-->[com.google.android.datatransport:transport-backend-cct:2.3.3] AndroidManifest.xml:34:17-36
289        </service>
290        <service
290-->[com.google.android.datatransport:transport-runtime:2.2.6] AndroidManifest.xml:26:9-30:19
291            android:name="com.google.android.datatransport.runtime.scheduling.jobscheduling.JobInfoSchedulerService"
291-->[com.google.android.datatransport:transport-runtime:2.2.6] AndroidManifest.xml:27:13-117
292            android:exported="false"
292-->[com.google.android.datatransport:transport-runtime:2.2.6] AndroidManifest.xml:28:13-37
293            android:permission="android.permission.BIND_JOB_SERVICE" >
293-->[com.google.android.datatransport:transport-runtime:2.2.6] AndroidManifest.xml:29:13-69
294        </service>
295
296        <receiver